c:\users\tetcos\desktop\pegasis_routing_in_wsn_v12.1\pegasis_workspace\src\simulation\dsr\x64\debug\vc142.pdb
c:\users\tetcos\desktop\pegasis_routing_in_wsn_v12.1\pegasis_workspace\src\simulation\dsr\x64\debug\vc142.idb
c:\users\tetcos\desktop\pegasis_routing_in_wsn_v12.1\pegasis_workspace\src\simulation\dsr\x64\debug\sourceroute.obj
c:\users\tetcos\desktop\pegasis_routing_in_wsn_v12.1\pegasis_workspace\src\simulation\dsr\x64\debug\sendbuffer.obj
c:\users\tetcos\desktop\pegasis_routing_in_wsn_v12.1\pegasis_workspace\src\simulation\dsr\x64\debug\routerequest.obj
c:\users\tetcos\desktop\pegasis_routing_in_wsn_v12.1\pegasis_workspace\src\simulation\dsr\x64\debug\routereply.obj
c:\users\tetcos\desktop\pegasis_routing_in_wsn_v12.1\pegasis_workspace\src\simulation\dsr\x64\debug\routeerror.obj
c:\users\tetcos\desktop\pegasis_routing_in_wsn_v12.1\pegasis_workspace\src\simulation\dsr\x64\debug\routecache.obj
c:\users\tetcos\desktop\pegasis_routing_in_wsn_v12.1\pegasis_workspace\src\simulation\dsr\x64\debug\pegasis.obj
c:\users\tetcos\desktop\pegasis_routing_in_wsn_v12.1\pegasis_workspace\src\simulation\dsr\x64\debug\packetprocessing.obj
c:\users\tetcos\desktop\pegasis_routing_in_wsn_v12.1\pegasis_workspace\src\simulation\dsr\x64\debug\network_layer_ack.obj
c:\users\tetcos\desktop\pegasis_routing_in_wsn_v12.1\pegasis_workspace\src\simulation\dsr\x64\debug\matlab_interface.obj
c:\users\tetcos\desktop\pegasis_routing_in_wsn_v12.1\pegasis_workspace\src\simulation\dsr\x64\debug\maintbuffer.obj
c:\users\tetcos\desktop\pegasis_routing_in_wsn_v12.1\pegasis_workspace\src\simulation\dsr\x64\debug\dsr.obj
c:\users\tetcos\desktop\pegasis_routing_in_wsn_v12.1\pegasis_workspace\src\simulation\dsr\x64\debug\checkroutefound.obj
c:\users\tetcos\desktop\pegasis_routing_in_wsn_v12.1\pegasis_workspace\bin\bin_x64\dsr.lib
c:\users\tetcos\desktop\pegasis_routing_in_wsn_v12.1\pegasis_workspace\bin\bin_x64\dsr.exp
c:\users\tetcos\desktop\pegasis_routing_in_wsn_v12.1\pegasis_workspace\bin\bin_x64\libdsr.dll
c:\users\tetcos\desktop\pegasis_routing_in_wsn_v12.1\pegasis_workspace\bin\bin_x64\dsr.pdb
c:\users\tetcos\downloads\pegasis_routing_in_wsn_v12.1\pegasis_routing_in_wsn_v12.1\pegasis_workspace\src\simulation\dsr\x64\debug\checkroutefound.obj
c:\users\tetcos\downloads\pegasis_routing_in_wsn_v12.1\pegasis_routing_in_wsn_v12.1\pegasis_workspace\src\simulation\dsr\x64\debug\dsr.obj
c:\users\tetcos\downloads\pegasis_routing_in_wsn_v12.1\pegasis_routing_in_wsn_v12.1\pegasis_workspace\src\simulation\dsr\x64\debug\maintbuffer.obj
c:\users\tetcos\downloads\pegasis_routing_in_wsn_v12.1\pegasis_routing_in_wsn_v12.1\pegasis_workspace\src\simulation\dsr\x64\debug\matlab_interface.obj
c:\users\tetcos\downloads\pegasis_routing_in_wsn_v12.1\pegasis_routing_in_wsn_v12.1\pegasis_workspace\src\simulation\dsr\x64\debug\network_layer_ack.obj
c:\users\tetcos\downloads\pegasis_routing_in_wsn_v12.1\pegasis_routing_in_wsn_v12.1\pegasis_workspace\src\simulation\dsr\x64\debug\packetprocessing.obj
c:\users\tetcos\downloads\pegasis_routing_in_wsn_v12.1\pegasis_routing_in_wsn_v12.1\pegasis_workspace\src\simulation\dsr\x64\debug\pegasis.obj
c:\users\tetcos\downloads\pegasis_routing_in_wsn_v12.1\pegasis_routing_in_wsn_v12.1\pegasis_workspace\src\simulation\dsr\x64\debug\routecache.obj
c:\users\tetcos\downloads\pegasis_routing_in_wsn_v12.1\pegasis_routing_in_wsn_v12.1\pegasis_workspace\src\simulation\dsr\x64\debug\routeerror.obj
c:\users\tetcos\downloads\pegasis_routing_in_wsn_v12.1\pegasis_routing_in_wsn_v12.1\pegasis_workspace\src\simulation\dsr\x64\debug\routereply.obj
c:\users\tetcos\downloads\pegasis_routing_in_wsn_v12.1\pegasis_routing_in_wsn_v12.1\pegasis_workspace\src\simulation\dsr\x64\debug\routerequest.obj
c:\users\tetcos\downloads\pegasis_routing_in_wsn_v12.1\pegasis_routing_in_wsn_v12.1\pegasis_workspace\src\simulation\dsr\x64\debug\sendbuffer.obj
c:\users\tetcos\downloads\pegasis_routing_in_wsn_v12.1\pegasis_routing_in_wsn_v12.1\pegasis_workspace\src\simulation\dsr\x64\debug\sourceroute.obj
c:\users\tetcos\downloads\pegasis_routing_in_wsn_v12.1\pegasis_routing_in_wsn_v12.1\pegasis_workspace\src\simulation\dsr\x64\debug\vc142.idb
c:\users\tetcos\downloads\pegasis_routing_in_wsn_v12.1\pegasis_routing_in_wsn_v12.1\pegasis_workspace\src\simulation\dsr\x64\debug\vc142.pdb
c:\users\tetcos\downloads\pegasis_routing_in_wsn_v12.1\pegasis_routing_in_wsn_v12.1\pegasis_workspace\src\simulation\dsr\x64\debug\dsr.tlog\cl.command.1.tlog
c:\users\tetcos\downloads\pegasis_routing_in_wsn_v12.1\pegasis_routing_in_wsn_v12.1\pegasis_workspace\src\simulation\dsr\x64\debug\dsr.tlog\cl.read.1.tlog
c:\users\tetcos\downloads\pegasis_routing_in_wsn_v12.1\pegasis_routing_in_wsn_v12.1\pegasis_workspace\src\simulation\dsr\x64\debug\dsr.tlog\cl.write.1.tlog
c:\users\tetcos\downloads\pegasis_routing_in_wsn_v12.1\pegasis_routing_in_wsn_v12.1\pegasis_workspace\src\simulation\dsr\x64\debug\dsr.tlog\dsr.write.1u.tlog
c:\users\tetcos\downloads\pegasis_routing_in_wsn_v12.1\pegasis_routing_in_wsn_v12.1\pegasis_workspace\src\simulation\dsr\x64\debug\dsr.tlog\link.command.1.tlog
c:\users\tetcos\downloads\pegasis_routing_in_wsn_v12.1\pegasis_routing_in_wsn_v12.1\pegasis_workspace\src\simulation\dsr\x64\debug\dsr.tlog\link.read.1.tlog
c:\users\tetcos\downloads\pegasis_routing_in_wsn_v12.1\pegasis_routing_in_wsn_v12.1\pegasis_workspace\src\simulation\dsr\x64\debug\dsr.tlog\link.write.1.tlog
